<?xml version="1.0" encoding="UTF-8"?>
<testng-results ignored="0" total="2" passed="2" failed="0" skipped="0">
  <reporter-output>
  </reporter-output>
  <suite started-at="2023-12-04T16:55:20 GMT" name="Default suite" finished-at="2023-12-04T16:55:41 GMT" duration-ms="21237">
    <groups>
    </groups>
    <test started-at="2023-12-04T16:55:20 GMT" name="Default test" finished-at="2023-12-04T16:55:41 GMT" duration-ms="21237">
      <class name="com.maven.Homework_Maven.MultiTestSceanrio">
        <test-method is-config="true" signature="Initialization()[pri:0, instance:com.maven.Homework_Maven.MultiTestSceanrio@534a5a98]" started-at="2023-12-04T16:55:20 GMT" name="Initialization" finished-at="2023-12-04T16:55:37 GMT" duration-ms="17883" status="PASS">
          <reporter-output>
          </reporter-output>
        </test-method> <!-- Initialization -->
        <test-method signature="SelectDropDown()[pri:1, instance:com.maven.Homework_Maven.MultiTestSceanrio@534a5a98]" started-at="2023-12-04T16:55:37 GMT" name="SelectDropDown" finished-at="2023-12-04T16:55:38 GMT" duration-ms="398" status="PASS">
          <reporter-output>
          </reporter-output>
        </test-method> <!-- SelectDropDown -->
        <test-method signature="MouseHoovering()[pri:2, instance:com.maven.Homework_Maven.MultiTestSceanrio@534a5a98]" started-at="2023-12-04T16:55:38 GMT" name="MouseHoovering" finished-at="2023-12-04T16:55:40 GMT" duration-ms="2603" status="PASS">
          <reporter-output>
          </reporter-output>
        </test-method> <!-- MouseHoovering -->
        <test-method is-config="true" signature="Cleanup()[pri:0, instance:com.maven.Homework_Maven.MultiTestSceanrio@534a5a98]" started-at="2023-12-04T16:55:40 GMT" name="Cleanup" finished-at="2023-12-04T16:55:41 GMT" duration-ms="309" status="PASS">
          <reporter-output>
          </reporter-output>
        </test-method> <!-- Cleanup -->
      </class> <!-- com.maven.Homework_Maven.MultiTestSceanrio -->
    </test> <!-- Default test -->
  </suite> <!-- Default suite -->
</testng-results>
