<?xml version="1.0" encoding="UTF-8"?>
<testng-results ignored="0" total="3" passed="2" failed="1" skipped="0">
  <reporter-output>
  </reporter-output>
  <suite started-at="2023-12-04T17:08:36 GMT" name="Suite" finished-at="2023-12-04T17:09:16 GMT" duration-ms="39954">
    <groups>
    </groups>
    <test started-at="2023-12-04T17:08:36 GMT" name="Test" finished-at="2023-12-04T17:09:16 GMT" duration-ms="39954">
      <class name="com.maven.Homework_Maven.AdvanceDropDown">
        <test-method signature="AdvanceDropDownTest()[pri:0, instance:com.maven.Homework_Maven.AdvanceDropDown@649bec2e]" started-at="2023-12-04T17:08:36 GMT" name="AdvanceDropDownTest" finished-at="2023-12-04T17:08:56 GMT" duration-ms="20383" status="FAIL">
          <exception class="java.lang.IndexOutOfBoundsException">
            <message>
              <![CDATA[Index 49 out of bounds for length 49]]>
            </message>
            <full-stacktrace>
              <![CDATA[java.lang.IndexOutOfBoundsException: Index 49 out of bounds for length 49
at java.base/jdk.internal.util.Preconditions.outOfBounds(Preconditions.java:64)
at java.base/jdk.internal.util.Preconditions.outOfBoundsCheckIndex(Preconditions.java:70)
at java.base/jdk.internal.util.Preconditions.checkIndex(Preconditions.java:266)
at java.base/java.util.Objects.checkIndex(Objects.java:361)
at java.base/java.util.ArrayList.get(ArrayList.java:427)
at com.maven.Homework_Maven.AdvanceDropDown.AdvanceDropDownTest(AdvanceDropDown.java:37)
at java.base/jdk.internal.reflect.NativeMethodAccessorImpl.invoke0(Native Method)
at java.base/jdk.internal.reflect.NativeMethodAccessorImpl.invoke(NativeMethodAccessorImpl.java:77)
at java.base/jdk.internal.reflect.DelegatingMethodAccessorImpl.invoke(DelegatingMethodAccessorImpl.java:43)
at java.base/java.lang.reflect.Method.invoke(Method.java:568)
at org.testng.internal.invokers.MethodInvocationHelper.invokeMethod(MethodInvocationHelper.java:139)
at org.testng.internal.invokers.TestInvoker.invokeMethod(TestInvoker.java:664)
at org.testng.internal.invokers.TestInvoker.invokeTestMethod(TestInvoker.java:227)
at org.testng.internal.invokers.MethodRunner.runInSequence(MethodRunner.java:50)
at org.testng.internal.invokers.TestInvoker$MethodInvocationAgent.invoke(TestInvoker.java:957)
at org.testng.internal.invokers.TestInvoker.invokeTestMethods(TestInvoker.java:200)
at org.testng.internal.invokers.TestMethodWorker.invokeTestMethods(TestMethodWorker.java:148)
at org.testng.internal.invokers.TestMethodWorker.run(TestMethodWorker.java:128)
at java.base/java.util.ArrayList.forEach(ArrayList.java:1511)
at org.testng.TestRunner.privateRun(TestRunner.java:848)
at org.testng.TestRunner.run(TestRunner.java:621)
at org.testng.SuiteRunner.runTest(SuiteRunner.java:443)
at org.testng.SuiteRunner.runSequentially(SuiteRunner.java:437)
at org.testng.SuiteRunner.privateRun(SuiteRunner.java:397)
at org.testng.SuiteRunner.run(SuiteRunner.java:336)
at org.testng.SuiteRunnerWorker.runSuite(SuiteRunnerWorker.java:52)
at org.testng.SuiteRunnerWorker.run(SuiteRunnerWorker.java:95)
at org.testng.TestNG.runSuitesSequentially(TestNG.java:1280)
at org.testng.TestNG.runSuitesLocally(TestNG.java:1200)
at org.testng.TestNG.runSuites(TestNG.java:1114)
at org.testng.TestNG.run(TestNG.java:1082)
at org.apache.maven.surefire.testng.TestNGExecutor.run(TestNGExecutor.java:283)
at org.apache.maven.surefire.testng.TestNGXmlTestSuite.execute(TestNGXmlTestSuite.java:75)
at org.apache.maven.surefire.testng.TestNGProvider.invoke(TestNGProvider.java:120)
at org.apache.maven.surefire.booter.ForkedBooter.invokeProviderInSameClassLoader(ForkedBooter.java:384)
at org.apache.maven.surefire.booter.ForkedBooter.runSuitesInProcess(ForkedBooter.java:345)
at org.apache.maven.surefire.booter.ForkedBooter.execute(ForkedBooter.java:126)
at org.apache.maven.surefire.booter.ForkedBooter.main(ForkedBooter.java:418)
]]>
            </full-stacktrace>
          </exception> <!-- java.lang.IndexOutOfBoundsException -->
          <reporter-output>
          </reporter-output>
        </test-method> <!-- AdvanceDropDownTest -->
      </class> <!-- com.maven.Homework_Maven.AdvanceDropDown -->
      <class name="com.maven.Homework_Maven.MultiTestSceanrio">
        <test-method is-config="true" signature="Initialization()[pri:0, instance:com.maven.Homework_Maven.MultiTestSceanrio@5403f35f]" started-at="2023-12-04T17:08:56 GMT" name="Initialization" finished-at="2023-12-04T17:09:13 GMT" duration-ms="16405" status="PASS">
          <reporter-output>
          </reporter-output>
        </test-method> <!-- Initialization -->
        <test-method signature="SelectDropDown()[pri:1, instance:com.maven.Homework_Maven.MultiTestSceanrio@5403f35f]" started-at="2023-12-04T17:09:13 GMT" name="SelectDropDown" finished-at="2023-12-04T17:09:13 GMT" duration-ms="327" status="PASS">
          <reporter-output>
          </reporter-output>
        </test-method> <!-- SelectDropDown -->
        <test-method signature="MouseHoovering()[pri:2, instance:com.maven.Homework_Maven.MultiTestSceanrio@5403f35f]" started-at="2023-12-04T17:09:13 GMT" name="MouseHoovering" finished-at="2023-12-04T17:09:15 GMT" duration-ms="2536" status="PASS">
          <reporter-output>
          </reporter-output>
        </test-method> <!-- MouseHoovering -->
        <test-method is-config="true" signature="Cleanup()[pri:0, instance:com.maven.Homework_Maven.MultiTestSceanrio@5403f35f]" started-at="2023-12-04T17:09:15 GMT" name="Cleanup" finished-at="2023-12-04T17:09:16 GMT" duration-ms="255" status="PASS">
          <reporter-output>
          </reporter-output>
        </test-method> <!-- Cleanup -->
      </class> <!-- com.maven.Homework_Maven.MultiTestSceanrio -->
    </test> <!-- Test -->
  </suite> <!-- Suite -->
</testng-results>
