-------------------------------------------------------------------------------
Test set: TestSuite
-------------------------------------------------------------------------------
Tests run: 3, Failures: 1, Errors: 0, Skipped: 0, Time elapsed: 40.597 s <<< FAILURE! - in TestSuite
AdvanceDropDownTest(com.maven.Homework_Maven.AdvanceDropDown)  Time elapsed: 20.387 s  <<< FAILURE!
java.lang.IndexOutOfBoundsException: Index 49 out of bounds for length 49
	at com.maven.Homework_Maven.AdvanceDropDown.AdvanceDropDownTest(AdvanceDropDown.java:37)

