<?xml version="1.0" encoding="UTF-8"?>
<testsuite xmlns:xsi="http://www.w3.org/2001/XMLSchema-instance" xsi:noNamespaceSchemaLocation="https://maven.apache.org/surefire/maven-surefire-plugin/xsd/surefire-test-report.xsd" name="TestSuite" time="40.597" tests="3" errors="0" skipped="0" failures="1">
  <properties>
[...]
</properties>
  <testcase name="AdvanceDropDownTest" classname="com.maven.Homework_Maven.AdvanceDropDown" time="20.387">
    <failure message="Index 49 out of bounds for length 49" type="java.lang.IndexOutOfBoundsException">java.lang.IndexOutOfBoundsException: Index 49 out of bounds for length 49
	at com.maven.Homework_Maven.AdvanceDropDown.AdvanceDropDownTest(AdvanceDropDown.java:37)
</failure>
    <system-out><![CDATA[Amazon.co.uk: Low Prices in Electronics, Books, Sports Equipment & more
49
All Departments
Alexa Skills
Amazon Devices
Amazon Fresh
Amazon Global Store
Amazon Warehouse
Apps & Games
Audible Audiobooks
Baby
Beauty
Books
Car & Motorbike
CDs & Vinyl
Classical Music
Computers & Accessories
Digital Music
DIY & Tools
DVD & Blu-ray
Electronics & Photo
Fashion
   Women
   Men
   Girls
   Boys
   Baby
Garden & Outdoors
Gift Cards
Grocery
Handmade
Health & Personal Care
Home & Business Services
Home & Kitchen
Industrial & Scientific
Kindle Store
Large Appliances
Lighting
Luggage and travel gear
Luxury Stores
Morrisons
Musical Instruments & DJ Equipment
PC & Video Games
Pet Supplies
Premium Beauty
Prime Video
Software
Sports & Outdoors
Stationery & Office Supplies
Subscribe & Save
Toys & Games
]]></system-out>
    <system-err><![CDATA[SLF4J: Failed to load class "org.slf4j.impl.StaticLoggerBinder".
SLF4J: Defaulting to no-operation (NOP) logger implementation
SLF4J: See http://www.slf4j.org/codes.html#StaticLoggerBinder for further details.
Dec 04, 2023 5:08:38 PM org.openqa.selenium.devtools.CdpVersionFinder findNearestMatch
WARNING: Unable to find an exact match for CDP version 119, returning the closest version; found: 118; Please update to a Selenium version that supports CDP version 119
]]></system-err>
  </testcase>
  <testcase name="SelectDropDown" classname="com.maven.Homework_Maven.MultiTestSceanrio" time="0.327"/>
  <testcase name="MouseHoovering" classname="com.maven.Homework_Maven.MultiTestSceanrio" time="2.535"/>
</testsuite>