<?xml version="1.0" encoding="UTF-8"?>
<!-- Generated by org.testng.reporters.JUnitXMLReporter -->
<testsuite ignored="0" hostname="SKYLT0518999" failures="1" tests="3" name="Test" time="39.954" errors="0" timestamp="2023-12-04T17:09:16 GMT">
  <testcase classname="com.maven.Homework_Maven.AdvanceDropDown" name="AdvanceDropDownTest" time="20.383">
    <failure type="java.lang.IndexOutOfBoundsException" message="Index 49 out of bounds for length 49">
      <![CDATA[java.lang.IndexOutOfBoundsException: Index 49 out of bounds for length 49
at java.base/jdk.internal.util.Preconditions.outOfBounds(Preconditions.java:64)
at java.base/jdk.internal.util.Preconditions.outOfBoundsCheckIndex(Preconditions.java:70)
at java.base/jdk.internal.util.Preconditions.checkIndex(Preconditions.java:266)
at java.base/java.util.Objects.checkIndex(Objects.java:361)
at java.base/java.util.ArrayList.get(ArrayList.java:427)
at com.maven.Homework_Maven.AdvanceDropDown.AdvanceDropDownTest(AdvanceDropDown.java:37)
at java.base/java.util.ArrayList.forEach(ArrayList.java:1511)
... Removed 31 stack frames]]>
    </failure>
  </testcase> <!-- AdvanceDropDownTest -->
  <testcase classname="com.maven.Homework_Maven.MultiTestSceanrio" name="SelectDropDown" time="0.327"/>
  <testcase classname="com.maven.Homework_Maven.MultiTestSceanrio" name="MouseHoovering" time="2.536"/>
</testsuite> <!-- Test -->
